<?xml version="1.0" encoding="UTF-8"?>
<testng-results ignored="0" total="2" passed="2" failed="0" skipped="0">
  <reporter-output>
  </reporter-output>
  <suite started-at="2023-06-20T10:05:41 IST" name="Suite" finished-at="2023-06-20T10:07:44 IST" duration-ms="123920">
    <groups>
    </groups>
    <test started-at="2023-06-20T10:05:41 IST" name="Test" finished-at="2023-06-20T10:07:44 IST" duration-ms="123920">
      <class name="end_to_end.TestCase1Test">
        <test-method is-config="true" signature="browser_setup()[pri:0, instance:end_to_end.TestCase1Test@5bd03f44]" started-at="2023-06-20T10:05:41 IST" name="browser_setup" finished-at="2023-06-20T10:06:00 IST" duration-ms="19559" status="PASS">
          <reporter-output>
          </reporter-output>
        </test-method> <!-- browser_setup -->
        <test-method signature="BuyJweleryTest()[pri:0, instance:end_to_end.TestCase1Test@5bd03f44]" started-at="2023-06-20T10:06:00 IST" name="BuyJweleryTest" finished-at="2023-06-20T10:06:42 IST" duration-ms="41510" status="PASS">
          <reporter-output>
          </reporter-output>
        </test-method> <!-- BuyJweleryTest -->
        <test-method is-config="true" signature="browser_teardown()[pri:0, instance:end_to_end.TestCase1Test@5bd03f44]" started-at="2023-06-20T10:06:42 IST" name="browser_teardown" finished-at="2023-06-20T10:06:45 IST" duration-ms="3341" status="PASS">
          <reporter-output>
          </reporter-output>
        </test-method> <!-- browser_teardown -->
      </class> <!-- end_to_end.TestCase1Test -->
      <class name="end_to_end.Test_Case_2Test">
        <test-method is-config="true" signature="browser_setup()[pri:0, instance:end_to_end.Test_Case_2Test@353d0772]" started-at="2023-06-20T10:06:45 IST" name="browser_setup" finished-at="2023-06-20T10:06:54 IST" duration-ms="8864" status="PASS">
          <reporter-output>
          </reporter-output>
        </test-method> <!-- browser_setup -->
        <test-method signature="BuyJweleryTest()[pri:0, instance:end_to_end.Test_Case_2Test@353d0772]" started-at="2023-06-20T10:06:54 IST" name="BuyJweleryTest" finished-at="2023-06-20T10:07:39 IST" duration-ms="45358" status="PASS">
          <reporter-output>
          </reporter-output>
        </test-method> <!-- BuyJweleryTest -->
        <test-method is-config="true" signature="browser_teardown()[pri:0, instance:end_to_end.Test_Case_2Test@353d0772]" started-at="2023-06-20T10:07:39 IST" name="browser_teardown" finished-at="2023-06-20T10:07:44 IST" duration-ms="5083" status="PASS">
          <reporter-output>
          </reporter-output>
        </test-method> <!-- browser_teardown -->
      </class> <!-- end_to_end.Test_Case_2Test -->
    </test> <!-- Test -->
  </suite> <!-- Suite -->
</testng-results>
